[2023-06-19T13:52:28.724+0000] {taskinstance.py:1083} INFO - Dependencies all met for <TaskInstance: process-employees.merge_data scheduled__2023-06-18T00:00:00+00:00 [queued]>
[2023-06-19T13:52:28.735+0000] {taskinstance.py:1083} INFO - Dependencies all met for <TaskInstance: process-employees.merge_data scheduled__2023-06-18T00:00:00+00:00 [queued]>
[2023-06-19T13:52:28.735+0000] {taskinstance.py:1279} INFO - 
--------------------------------------------------------------------------------
[2023-06-19T13:52:28.736+0000] {taskinstance.py:1280} INFO - Starting attempt 1 of 1
[2023-06-19T13:52:28.736+0000] {taskinstance.py:1281} INFO - 
--------------------------------------------------------------------------------
[2023-06-19T13:52:28.754+0000] {taskinstance.py:1300} INFO - Executing <Task(_PythonDecoratedOperator): merge_data> on 2023-06-18 00:00:00+00:00
[2023-06-19T13:52:28.763+0000] {standard_task_runner.py:55} INFO - Started process 22168 to run task
[2023-06-19T13:52:28.766+0000] {standard_task_runner.py:82} INFO - Running: ['***', 'tasks', 'run', 'process-employees', 'merge_data', 'scheduled__2023-06-18T00:00:00+00:00', '--job-id', '115', '--raw', '--subdir', 'DAGS_FOLDER/petit_projet.py', '--cfg-path', '/tmp/tmp7an1kg74']
[2023-06-19T13:52:28.766+0000] {standard_task_runner.py:83} INFO - Job 115: Subtask merge_data
[2023-06-19T13:52:28.839+0000] {task_command.py:388} INFO - Running <TaskInstance: process-employees.merge_data scheduled__2023-06-18T00:00:00+00:00 [running]> on host 3a7666732caa
[2023-06-19T13:52:28.923+0000] {taskinstance.py:1509} INFO - Exporting the following env vars:
AIRFLOW_CTX_DAG_OWNER=***
AIRFLOW_CTX_DAG_ID=process-employees
AIRFLOW_CTX_TASK_ID=merge_data
AIRFLOW_CTX_EXECUTION_DATE=2023-06-18T00:00:00+00:00
AIRFLOW_CTX_TRY_NUMBER=1
AIRFLOW_CTX_DAG_RUN_ID=scheduled__2023-06-18T00:00:00+00:00
[2023-06-19T13:52:28.932+0000] {base.py:73} INFO - Using connection ID 'tutorial_pg_conn' for task execution.
[2023-06-19T13:52:28.941+0000] {python.py:177} INFO - Done. Returned value was: 0
[2023-06-19T13:52:28.966+0000] {taskinstance.py:1323} INFO - Marking task as SUCCESS. dag_id=process-employees, task_id=merge_data, execution_date=20230618T000000, start_date=20230619T135228, end_date=20230619T135228
[2023-06-19T13:52:29.018+0000] {local_task_job.py:208} INFO - Task exited with return code 0
[2023-06-19T13:52:29.042+0000] {taskinstance.py:2578} INFO - 0 downstream tasks scheduled from follow-on schedule check
