[2023-06-19T12:03:01.105+0000] {taskinstance.py:1083} INFO - Dependencies all met for <TaskInstance: hello_world_dag_minute_time.hello_task scheduled__2023-06-19T12:02:00+00:00 [queued]>
[2023-06-19T12:03:01.123+0000] {taskinstance.py:1083} INFO - Dependencies all met for <TaskInstance: hello_world_dag_minute_time.hello_task scheduled__2023-06-19T12:02:00+00:00 [queued]>
[2023-06-19T12:03:01.124+0000] {taskinstance.py:1279} INFO - 
--------------------------------------------------------------------------------
[2023-06-19T12:03:01.124+0000] {taskinstance.py:1280} INFO - Starting attempt 1 of 1
[2023-06-19T12:03:01.124+0000] {taskinstance.py:1281} INFO - 
--------------------------------------------------------------------------------
[2023-06-19T12:03:01.141+0000] {taskinstance.py:1300} INFO - Executing <Task(PythonOperator): hello_task> on 2023-06-19 12:02:00+00:00
[2023-06-19T12:03:01.155+0000] {standard_task_runner.py:55} INFO - Started process 9381 to run task
[2023-06-19T12:03:01.157+0000] {standard_task_runner.py:82} INFO - Running: ['***', 'tasks', 'run', 'hello_world_dag_minute_time', 'hello_task', 'scheduled__2023-06-19T12:02:00+00:00', '--job-id', '101', '--raw', '--subdir', 'DAGS_FOLDER/dag1.py', '--cfg-path', '/tmp/tmpxdt9883o']
[2023-06-19T12:03:01.158+0000] {standard_task_runner.py:83} INFO - Job 101: Subtask hello_task
[2023-06-19T12:03:01.230+0000] {task_command.py:388} INFO - Running <TaskInstance: hello_world_dag_minute_time.hello_task scheduled__2023-06-19T12:02:00+00:00 [running]> on host 3a7666732caa
[2023-06-19T12:03:01.313+0000] {taskinstance.py:1509} INFO - Exporting the following env vars:
AIRFLOW_CTX_DAG_OWNER=***
AIRFLOW_CTX_DAG_ID=hello_world_dag_minute_time
AIRFLOW_CTX_TASK_ID=hello_task
AIRFLOW_CTX_EXECUTION_DATE=2023-06-19T12:02:00+00:00
AIRFLOW_CTX_TRY_NUMBER=1
AIRFLOW_CTX_DAG_RUN_ID=scheduled__2023-06-19T12:02:00+00:00
[2023-06-19T12:03:01.313+0000] {logging_mixin.py:137} INFO - #############################################
[2023-06-19T12:03:01.314+0000] {logging_mixin.py:137} INFO -   Hello, AIRFLOW!
[2023-06-19T12:03:01.314+0000] {logging_mixin.py:137} INFO - 23-06-19 14:03:01
[2023-06-19T12:03:01.314+0000] {logging_mixin.py:137} INFO - #############################################
[2023-06-19T12:03:01.314+0000] {python.py:177} INFO - Done. Returned value was: None
[2023-06-19T12:03:01.328+0000] {taskinstance.py:1323} INFO - Marking task as SUCCESS. dag_id=hello_world_dag_minute_time, task_id=hello_task, execution_date=20230619T120200, start_date=20230619T120301, end_date=20230619T120301
[2023-06-19T12:03:01.370+0000] {local_task_job.py:208} INFO - Task exited with return code 0
[2023-06-19T12:03:01.390+0000] {taskinstance.py:2578} INFO - 0 downstream tasks scheduled from follow-on schedule check
