[2023-06-19T11:48:55.602+0000] {taskinstance.py:1083} INFO - Dependencies all met for <TaskInstance: hello_world_dag.hello_task scheduled__2023-05-01T00:13:00+00:00 [queued]>
[2023-06-19T11:48:55.611+0000] {taskinstance.py:1083} INFO - Dependencies all met for <TaskInstance: hello_world_dag.hello_task scheduled__2023-05-01T00:13:00+00:00 [queued]>
[2023-06-19T11:48:55.611+0000] {taskinstance.py:1279} INFO - 
--------------------------------------------------------------------------------
[2023-06-19T11:48:55.611+0000] {taskinstance.py:1280} INFO - Starting attempt 1 of 1
[2023-06-19T11:48:55.611+0000] {taskinstance.py:1281} INFO - 
--------------------------------------------------------------------------------
[2023-06-19T11:48:55.623+0000] {taskinstance.py:1300} INFO - Executing <Task(PythonOperator): hello_task> on 2023-05-01 00:13:00+00:00
[2023-06-19T11:48:55.630+0000] {standard_task_runner.py:55} INFO - Started process 7446 to run task
[2023-06-19T11:48:55.632+0000] {standard_task_runner.py:82} INFO - Running: ['***', 'tasks', 'run', 'hello_world_dag', 'hello_task', 'scheduled__2023-05-01T00:13:00+00:00', '--job-id', '16', '--raw', '--subdir', 'DAGS_FOLDER/dag1.py', '--cfg-path', '/tmp/tmp2to2dn6x']
[2023-06-19T11:48:55.632+0000] {standard_task_runner.py:83} INFO - Job 16: Subtask hello_task
[2023-06-19T11:48:55.682+0000] {task_command.py:388} INFO - Running <TaskInstance: hello_world_dag.hello_task scheduled__2023-05-01T00:13:00+00:00 [running]> on host 3a7666732caa
[2023-06-19T11:48:55.749+0000] {taskinstance.py:1509} INFO - Exporting the following env vars:
AIRFLOW_CTX_DAG_OWNER=***
AIRFLOW_CTX_DAG_ID=hello_world_dag
AIRFLOW_CTX_TASK_ID=hello_task
AIRFLOW_CTX_EXECUTION_DATE=2023-05-01T00:13:00+00:00
AIRFLOW_CTX_TRY_NUMBER=1
AIRFLOW_CTX_DAG_RUN_ID=scheduled__2023-05-01T00:13:00+00:00
[2023-06-19T11:48:55.749+0000] {logging_mixin.py:137} INFO - #############################################
[2023-06-19T11:48:55.750+0000] {logging_mixin.py:137} INFO -   Hello, AIRFLOW!
[2023-06-19T11:48:55.750+0000] {logging_mixin.py:137} INFO - 23-06-19 13:48:55
[2023-06-19T11:48:55.750+0000] {logging_mixin.py:137} INFO - #############################################
[2023-06-19T11:48:55.750+0000] {python.py:177} INFO - Done. Returned value was: None
[2023-06-19T11:48:55.759+0000] {taskinstance.py:1323} INFO - Marking task as SUCCESS. dag_id=hello_world_dag, task_id=hello_task, execution_date=20230501T001300, start_date=20230619T114855, end_date=20230619T114855
[2023-06-19T11:48:55.803+0000] {local_task_job.py:208} INFO - Task exited with return code 0
[2023-06-19T11:48:55.825+0000] {taskinstance.py:2578} INFO - 0 downstream tasks scheduled from follow-on schedule check
