[2023-06-19T11:48:49.723+0000] {taskinstance.py:1083} INFO - Dependencies all met for <TaskInstance: hello_world_dag.hello_task scheduled__2023-05-01T00:03:00+00:00 [queued]>
[2023-06-19T11:48:49.732+0000] {taskinstance.py:1083} INFO - Dependencies all met for <TaskInstance: hello_world_dag.hello_task scheduled__2023-05-01T00:03:00+00:00 [queued]>
[2023-06-19T11:48:49.732+0000] {taskinstance.py:1279} INFO - 
--------------------------------------------------------------------------------
[2023-06-19T11:48:49.733+0000] {taskinstance.py:1280} INFO - Starting attempt 1 of 1
[2023-06-19T11:48:49.733+0000] {taskinstance.py:1281} INFO - 
--------------------------------------------------------------------------------
[2023-06-19T11:48:49.746+0000] {taskinstance.py:1300} INFO - Executing <Task(PythonOperator): hello_task> on 2023-05-01 00:03:00+00:00
[2023-06-19T11:48:49.751+0000] {standard_task_runner.py:55} INFO - Started process 7427 to run task
[2023-06-19T11:48:49.753+0000] {standard_task_runner.py:82} INFO - Running: ['***', 'tasks', 'run', 'hello_world_dag', 'hello_task', 'scheduled__2023-05-01T00:03:00+00:00', '--job-id', '6', '--raw', '--subdir', 'DAGS_FOLDER/dag1.py', '--cfg-path', '/tmp/tmpyjin4tt5']
[2023-06-19T11:48:49.754+0000] {standard_task_runner.py:83} INFO - Job 6: Subtask hello_task
[2023-06-19T11:48:49.805+0000] {task_command.py:388} INFO - Running <TaskInstance: hello_world_dag.hello_task scheduled__2023-05-01T00:03:00+00:00 [running]> on host 3a7666732caa
[2023-06-19T11:48:49.875+0000] {taskinstance.py:1509} INFO - Exporting the following env vars:
AIRFLOW_CTX_DAG_OWNER=***
AIRFLOW_CTX_DAG_ID=hello_world_dag
AIRFLOW_CTX_TASK_ID=hello_task
AIRFLOW_CTX_EXECUTION_DATE=2023-05-01T00:03:00+00:00
AIRFLOW_CTX_TRY_NUMBER=1
AIRFLOW_CTX_DAG_RUN_ID=scheduled__2023-05-01T00:03:00+00:00
[2023-06-19T11:48:49.876+0000] {logging_mixin.py:137} INFO - #############################################
[2023-06-19T11:48:49.876+0000] {logging_mixin.py:137} INFO -   Hello, AIRFLOW!
[2023-06-19T11:48:49.876+0000] {logging_mixin.py:137} INFO - 23-06-19 13:48:49
[2023-06-19T11:48:49.876+0000] {logging_mixin.py:137} INFO - #############################################
[2023-06-19T11:48:49.876+0000] {python.py:177} INFO - Done. Returned value was: None
[2023-06-19T11:48:49.884+0000] {taskinstance.py:1323} INFO - Marking task as SUCCESS. dag_id=hello_world_dag, task_id=hello_task, execution_date=20230501T000300, start_date=20230619T114849, end_date=20230619T114849
[2023-06-19T11:48:49.925+0000] {local_task_job.py:208} INFO - Task exited with return code 0
[2023-06-19T11:48:49.943+0000] {taskinstance.py:2578} INFO - 0 downstream tasks scheduled from follow-on schedule check
