[2023-06-19T12:05:01.253+0000] {taskinstance.py:1083} INFO - Dependencies all met for <TaskInstance: hello_world_dag_minute_time.hello_task scheduled__2023-06-19T12:04:00+00:00 [queued]>
[2023-06-19T12:05:01.264+0000] {taskinstance.py:1083} INFO - Dependencies all met for <TaskInstance: hello_world_dag_minute_time.hello_task scheduled__2023-06-19T12:04:00+00:00 [queued]>
[2023-06-19T12:05:01.264+0000] {taskinstance.py:1279} INFO - 
--------------------------------------------------------------------------------
[2023-06-19T12:05:01.264+0000] {taskinstance.py:1280} INFO - Starting attempt 1 of 1
[2023-06-19T12:05:01.264+0000] {taskinstance.py:1281} INFO - 
--------------------------------------------------------------------------------
[2023-06-19T12:05:01.277+0000] {taskinstance.py:1300} INFO - Executing <Task(PythonOperator): hello_task> on 2023-06-19 12:04:00+00:00
[2023-06-19T12:05:01.284+0000] {standard_task_runner.py:55} INFO - Started process 9618 to run task
[2023-06-19T12:05:01.287+0000] {standard_task_runner.py:82} INFO - Running: ['***', 'tasks', 'run', 'hello_world_dag_minute_time', 'hello_task', 'scheduled__2023-06-19T12:04:00+00:00', '--job-id', '103', '--raw', '--subdir', 'DAGS_FOLDER/dag1.py', '--cfg-path', '/tmp/tmp1b8s22ek']
[2023-06-19T12:05:01.287+0000] {standard_task_runner.py:83} INFO - Job 103: Subtask hello_task
[2023-06-19T12:05:01.346+0000] {task_command.py:388} INFO - Running <TaskInstance: hello_world_dag_minute_time.hello_task scheduled__2023-06-19T12:04:00+00:00 [running]> on host 3a7666732caa
[2023-06-19T12:05:01.420+0000] {taskinstance.py:1509} INFO - Exporting the following env vars:
AIRFLOW_CTX_DAG_OWNER=***
AIRFLOW_CTX_DAG_ID=hello_world_dag_minute_time
AIRFLOW_CTX_TASK_ID=hello_task
AIRFLOW_CTX_EXECUTION_DATE=2023-06-19T12:04:00+00:00
AIRFLOW_CTX_TRY_NUMBER=1
AIRFLOW_CTX_DAG_RUN_ID=scheduled__2023-06-19T12:04:00+00:00
[2023-06-19T12:05:01.421+0000] {logging_mixin.py:137} INFO - #############################################
[2023-06-19T12:05:01.421+0000] {logging_mixin.py:137} INFO -   Hello, AIRFLOW!
[2023-06-19T12:05:01.421+0000] {logging_mixin.py:137} INFO - 23-06-19 14:05:01
[2023-06-19T12:05:01.421+0000] {logging_mixin.py:137} INFO - #############################################
[2023-06-19T12:05:01.421+0000] {python.py:177} INFO - Done. Returned value was: None
[2023-06-19T12:05:01.431+0000] {taskinstance.py:1323} INFO - Marking task as SUCCESS. dag_id=hello_world_dag_minute_time, task_id=hello_task, execution_date=20230619T120400, start_date=20230619T120501, end_date=20230619T120501
[2023-06-19T12:05:01.458+0000] {local_task_job.py:208} INFO - Task exited with return code 0
[2023-06-19T12:05:01.478+0000] {taskinstance.py:2578} INFO - 0 downstream tasks scheduled from follow-on schedule check
